<?xml version="1.0" encoding="UTF-8"?>
<robot generator="Robot 4.1.1 (Python 3.9.7 on win32)" generated="20211024 17:27:26.988" rpa="false" schemaversion="2">
<suite id="s1" name="EditorDBConfig" source="C:\Robot\RobotFramework\Tests\EditorDBConfig.robot">
<kw name="Start EditorDeDBConf" type="SETUP">
<doc>Sets up the application for quick launching through 'Launch Application' and starts the winappdriver</doc>
<kw name="Driver Setup" library="Zoomba.DesktopLibrary">
<doc>Starts the WinAppDriver.</doc>
<status status="PASS" starttime="20211024 17:27:27.182" endtime="20211024 17:27:27.190"/>
</kw>
<kw name="Open Application" library="Zoomba.DesktopLibrary">
<arg>${REMOTE_URL}</arg>
<arg>plataformName=Windows</arg>
<arg>deviceName=Windows</arg>
<arg>app=${APP}</arg>
<doc>Opens a new application to given Appium server.
If your application has a splash screen please supply the window name of the final window that will appear.
For the capabilities of appium server and Windows please check http://appium.io/docs/en/drivers/windows</doc>
<status status="PASS" starttime="20211024 17:27:27.191" endtime="20211024 17:27:28.282"/>
</kw>
<kw name="Quit Application" library="Zoomba.DesktopLibrary">
<doc>Quit application. Application can be quit while Appium session is kept alive.
This keyword can be used to close application during test case or between test cases.</doc>
<status status="PASS" starttime="20211024 17:27:28.283" endtime="20211024 17:27:28.370"/>
</kw>
<status status="PASS" starttime="20211024 17:27:27.182" endtime="20211024 17:27:28.370"/>
</kw>
<test id="s1-t1" name="Caso de Teste 01: Realizando troca de DB com tipo de elemento Nome">
<kw name="Launch Application" library="Zoomba.DesktopLibrary" type="SETUP">
<doc>Launch application. Application can be launched while Appium session running.
This keyword can be used to launch application during test case or between test cases.</doc>
<status status="PASS" starttime="20211024 17:27:28.371" endtime="20211024 17:27:28.614"/>
</kw>
<kw name="Dado que estou no programa EditorDeDBConf">
<kw name="Element Should Contain Text" library="Zoomba.DesktopLibrary">
<arg>name=DBConfig.ini</arg>
<arg>DBConfig.ini</arg>
<doc>Verifies element identified by ``locator`` contains text ``expected``.</doc>
<msg timestamp="20211024 17:27:28.616" level="INFO">Verifying element 'name=DBConfig.ini' contains text 'DBConfig.ini'.</msg>
<kw name="Save Appium Screenshot" library="Zoomba.DesktopLibrary">
<doc>Takes a screenshot with a unique filename to be stored in Robot Framework compiled
reports.</doc>
<msg timestamp="20211024 17:27:30.220" level="INFO" html="true">&lt;/td&gt;&lt;/tr&gt;&lt;tr&gt;&lt;td colspan="3"&gt;&lt;a href="appium-screenshot-1635107248.679957-0.png"&gt;&lt;img src="appium-screenshot-1635107248.679957-0.png" width="800px"&gt;&lt;/a&gt;</msg>
<status status="PASS" starttime="20211024 17:27:28.679" endtime="20211024 17:27:30.220"/>
</kw>
<msg timestamp="20211024 17:27:30.223" level="FAIL">NoSuchElementException: Message: An element could not be located on the page using the given search parameters.
</msg>
<status status="FAIL" starttime="20211024 17:27:28.615" endtime="20211024 17:27:30.223"/>
</kw>
<status status="FAIL" starttime="20211024 17:27:28.614" endtime="20211024 17:27:30.224"/>
</kw>
<kw name="E clico no seletor do &quot;DBCONFIG&quot;">
<status status="NOT RUN" starttime="20211024 17:27:30.224" endtime="20211024 17:27:30.224"/>
</kw>
<kw name="E seleciono o @{DBCONFIG}">
<status status="NOT RUN" starttime="20211024 17:27:30.225" endtime="20211024 17:27:30.225"/>
</kw>
<kw name="Quando clico no botão &quot;Substituir Conf Atual&quot;">
<status status="NOT RUN" starttime="20211024 17:27:30.225" endtime="20211024 17:27:30.225"/>
</kw>
<kw name="Quit Application" library="Zoomba.DesktopLibrary" type="TEARDOWN">
<doc>Quit application. Application can be quit while Appium session is kept alive.
This keyword can be used to close application during test case or between test cases.</doc>
<status status="PASS" starttime="20211024 17:27:30.226" endtime="20211024 17:27:30.299"/>
</kw>
<status status="FAIL" starttime="20211024 17:27:28.370" endtime="20211024 17:27:30.304">NoSuchElementException: Message: An element could not be located on the page using the given search parameters.
</status>
</test>
<doc>Testes automatizados Delphi com a library do Zoomba</doc>
<status status="FAIL" starttime="20211024 17:27:26.990" endtime="20211024 17:27:30.306"/>
</suite>
<statistics>
<total>
<stat pass="0" fail="1" skip="0">All Tests</stat>
</total>
<tag>
</tag>
<suite>
<stat pass="0" fail="1" skip="0" id="s1" name="EditorDBConfig">EditorDBConfig</stat>
</suite>
</statistics>
<errors>
</errors>
</robot>
